<?xml version="1.0" encoding="UTF-8" ?>
<testsuites>
<testsuite name="Test code generated from files" errors="0" tests="0" failures="0" time="0" timestamp="2015-12-14T02:15:25">
</testsuite>
<testsuite name="Test code generated from files.Test code generation for /var-declarations.sprk" errors="0" tests="2" failures="0" time="0.065" timestamp="2015-12-14T02:15:25">
  <testcase classname="Test code generated from files.Test code generation for /var-declarations.sprk" name="Checks number of variable declarations is correct" time="0.052"></testcase>
  <testcase classname="Test code generated from files.Test code generation for /var-declarations.sprk" name="Checks variable types are correct" time="0.013"></testcase>
</testsuite>
<testsuite name="Test code generated from files.Compare output for /var-declarations.sprk and /var-declarations-alt.sprk" errors="0" tests="1" failures="0" time="0.017" timestamp="2015-12-14T02:15:25">
  <testcase classname="Test code generated from files.Compare output for /var-declarations.sprk and /var-declarations-alt.sprk" name="Checks parse trees are identical" time="0.017"></testcase>
</testsuite>
</testsuites>